nohup: ignoring input
wandb: [wandb.login()] Loaded credentials for https://api.wandb.ai from /home/sgjinaj/.netrc.
wandb: Currently logged in as: stivengjinaj (stivengjinaj-politecnico-di-torino) to https://api.wandb.ai. Use `wandb login --relogin` to force relogin
wandb: setting up run 3s4i7xyp
wandb: Tracking run with wandb version 0.25.1
wandb: Run data is saved locally in /home/sgjinaj/SentinelPV_Physense/wandb/run-20260417_134253-3s4i7xyp
wandb: Run `wandb offline` to turn off syncing.
wandb: Syncing run train_pvgis2005_2022_30sentinels_sun-stage1
wandb: ⭐️ View project at https://wandb.ai/stivengjinaj-politecnico-di-torino/physense-irradiance
wandb: 🚀 View run at https://wandb.ai/stivengjinaj-politecnico-di-torino/physense-irradiance/runs/3s4i7xyp
Device: cuda
Dataset: 157776 timesteps | 1149 panels
Trainable parameters: 13,523,602
Starting Stage 1 training...
Epoch    1/300 | Loss: 0.93041 | LR: 1.09e-05 | Skipped: 0 | Time: 509.5s
Epoch    2/300 | Loss: 0.07461 | LR: 2.08e-05 | Skipped: 0 | Time: 509.5s
Epoch    3/300 | Loss: 0.02860 | LR: 3.07e-05 | Skipped: 0 | Time: 509.7s
Epoch    4/300 | Loss: 0.02603 | LR: 4.06e-05 | Skipped: 0 | Time: 509.6s
Epoch    5/300 | Loss: 0.02425 | LR: 5.05e-05 | Skipped: 0 | Time: 509.6s
Epoch    6/300 | Loss: 0.02244 | LR: 6.04e-05 | Skipped: 0 | Time: 509.4s
Epoch    7/300 | Loss: 0.02097 | LR: 7.03e-05 | Skipped: 0 | Time: 509.5s
Epoch    8/300 | Loss: 0.01928 | LR: 8.02e-05 | Skipped: 0 | Time: 509.2s
Epoch    9/300 | Loss: 0.01797 | LR: 9.01e-05 | Skipped: 0 | Time: 509.4s
Epoch   10/300 | Loss: 0.01722 | LR: 1.00e-04 | Skipped: 0 | Time: 509.6s
Epoch   11/300 | Loss: 0.01650 | LR: 1.00e-04 | Skipped: 0 | Time: 509.8s
Epoch   12/300 | Loss: 0.01602 | LR: 1.00e-04 | Skipped: 0 | Time: 509.8s
Epoch   13/300 | Loss: 0.01533 | LR: 1.00e-04 | Skipped: 0 | Time: 510.0s
Epoch   14/300 | Loss: 0.01488 | LR: 1.00e-04 | Skipped: 0 | Time: 510.0s
Epoch   15/300 | Loss: 0.01420 | LR: 9.99e-05 | Skipped: 0 | Time: 510.0s
Epoch   16/300 | Loss: 0.01369 | LR: 9.99e-05 | Skipped: 0 | Time: 510.0s
Epoch   17/300 | Loss: 0.01296 | LR: 9.99e-05 | Skipped: 0 | Time: 510.0s
Epoch   18/300 | Loss: 0.01218 | LR: 9.98e-05 | Skipped: 0 | Time: 509.9s
Epoch   19/300 | Loss: 0.01140 | LR: 9.98e-05 | Skipped: 0 | Time: 510.0s
Epoch   20/300 | Loss: 0.01103 | LR: 9.97e-05 | Skipped: 0 | Time: 510.0s
Epoch   21/300 | Loss: 0.01077 | LR: 9.96e-05 | Skipped: 0 | Time: 510.0s
Epoch   22/300 | Loss: 0.01043 | LR: 9.96e-05 | Skipped: 0 | Time: 509.9s
Epoch   23/300 | Loss: 0.01039 | LR: 9.95e-05 | Skipped: 0 | Time: 509.7s
Epoch   24/300 | Loss: 0.01012 | LR: 9.94e-05 | Skipped: 0 | Time: 509.7s
Epoch   25/300 | Loss: 0.01003 | LR: 9.93e-05 | Skipped: 0 | Time: 509.8s
Epoch   26/300 | Loss: 0.00976 | LR: 9.93e-05 | Skipped: 0 | Time: 509.7s
Epoch   27/300 | Loss: 0.00976 | LR: 9.92e-05 | Skipped: 0 | Time: 509.7s
Epoch   28/300 | Loss: 0.00971 | LR: 9.91e-05 | Skipped: 0 | Time: 509.5s
Epoch   29/300 | Loss: 0.00950 | LR: 9.90e-05 | Skipped: 0 | Time: 509.4s
Epoch   30/300 | Loss: 0.00928 | LR: 9.88e-05 | Skipped: 0 | Time: 509.5s
Epoch   31/300 | Loss: 0.00944 | LR: 9.87e-05 | Skipped: 0 | Time: 509.6s
Epoch   32/300 | Loss: 0.00916 | LR: 9.86e-05 | Skipped: 0 | Time: 509.6s
Epoch   33/300 | Loss: 0.00911 | LR: 9.85e-05 | Skipped: 0 | Time: 509.6s
Epoch   34/300 | Loss: 0.00914 | LR: 9.83e-05 | Skipped: 0 | Time: 509.4s
Epoch   35/300 | Loss: 0.00899 | LR: 9.82e-05 | Skipped: 0 | Time: 509.3s
Epoch   36/300 | Loss: 0.00892 | LR: 9.80e-05 | Skipped: 0 | Time: 509.3s
Epoch   37/300 | Loss: 0.00882 | LR: 9.79e-05 | Skipped: 0 | Time: 509.3s
Epoch   38/300 | Loss: 0.00885 | LR: 9.77e-05 | Skipped: 0 | Time: 509.4s
Epoch   39/300 | Loss: 0.00885 | LR: 9.76e-05 | Skipped: 0 | Time: 509.2s
Epoch   40/300 | Loss: 0.00874 | LR: 9.74e-05 | Skipped: 0 | Time: 509.4s
Epoch   41/300 | Loss: 0.00868 | LR: 9.72e-05 | Skipped: 0 | Time: 509.3s
Epoch   42/300 | Loss: 0.00865 | LR: 9.71e-05 | Skipped: 0 | Time: 509.4s
Epoch   43/300 | Loss: 0.00848 | LR: 9.69e-05 | Skipped: 0 | Time: 509.5s
Epoch   44/300 | Loss: 0.00862 | LR: 9.67e-05 | Skipped: 0 | Time: 509.3s
Epoch   45/300 | Loss: 0.00840 | LR: 9.65e-05 | Skipped: 0 | Time: 509.3s
Epoch   46/300 | Loss: 0.00848 | LR: 9.63e-05 | Skipped: 0 | Time: 509.2s
Epoch   47/300 | Loss: 0.00848 | LR: 9.61e-05 | Skipped: 0 | Time: 509.3s
Epoch   48/300 | Loss: 0.00833 | LR: 9.59e-05 | Skipped: 0 | Time: 509.3s
Epoch   49/300 | Loss: 0.00829 | LR: 9.56e-05 | Skipped: 0 | Time: 509.4s
wandb: WARNING Symlinked 1 file into the W&B run directory; call wandb.save again to sync new files.
Epoch   50/300 | Loss: 0.00825 | LR: 9.54e-05 | Skipped: 0 | Time: 509.2s
  Checkpoint saved: ./training_history/train_pvgis2005_2022_30sentinels_sun/irradiance_stage1_ep50.pth
Epoch   51/300 | Loss: 0.00822 | LR: 9.52e-05 | Skipped: 0 | Time: 509.2s
Epoch   52/300 | Loss: 0.00827 | LR: 9.50e-05 | Skipped: 0 | Time: 509.3s
Epoch   53/300 | Loss: 0.00803 | LR: 9.47e-05 | Skipped: 0 | Time: 509.3s
Epoch   54/300 | Loss: 0.00805 | LR: 9.45e-05 | Skipped: 0 | Time: 509.3s
Epoch   55/300 | Loss: 0.00811 | LR: 9.42e-05 | Skipped: 0 | Time: 509.3s
Epoch   56/300 | Loss: 0.00808 | LR: 9.40e-05 | Skipped: 0 | Time: 509.3s
Epoch   57/300 | Loss: 0.00798 | LR: 9.37e-05 | Skipped: 0 | Time: 509.1s
Epoch   58/300 | Loss: 0.00797 | LR: 9.35e-05 | Skipped: 0 | Time: 509.3s
Epoch   59/300 | Loss: 0.00784 | LR: 9.32e-05 | Skipped: 0 | Time: 509.2s
Epoch   60/300 | Loss: 0.00786 | LR: 9.29e-05 | Skipped: 0 | Time: 509.3s
Epoch   61/300 | Loss: 0.00791 | LR: 9.26e-05 | Skipped: 0 | Time: 509.3s
Epoch   62/300 | Loss: 0.00787 | LR: 9.24e-05 | Skipped: 0 | Time: 509.3s
Epoch   63/300 | Loss: 0.00787 | LR: 9.21e-05 | Skipped: 0 | Time: 509.2s
Epoch   64/300 | Loss: 0.00785 | LR: 9.18e-05 | Skipped: 0 | Time: 509.3s
Epoch   65/300 | Loss: 0.00779 | LR: 9.15e-05 | Skipped: 0 | Time: 509.3s
Epoch   66/300 | Loss: 0.00771 | LR: 9.12e-05 | Skipped: 0 | Time: 509.4s
Epoch   67/300 | Loss: 0.00769 | LR: 9.09e-05 | Skipped: 0 | Time: 509.3s
Epoch   68/300 | Loss: 0.00776 | LR: 9.05e-05 | Skipped: 0 | Time: 509.2s
Epoch   69/300 | Loss: 0.00769 | LR: 9.02e-05 | Skipped: 0 | Time: 509.4s
Epoch   70/300 | Loss: 0.00772 | LR: 8.99e-05 | Skipped: 0 | Time: 509.5s
Epoch   71/300 | Loss: 0.00770 | LR: 8.96e-05 | Skipped: 0 | Time: 509.2s
Epoch   72/300 | Loss: 0.00758 | LR: 8.92e-05 | Skipped: 0 | Time: 509.2s
Epoch   73/300 | Loss: 0.00767 | LR: 8.89e-05 | Skipped: 0 | Time: 509.1s
Epoch   74/300 | Loss: 0.00760 | LR: 8.86e-05 | Skipped: 0 | Time: 509.0s
Epoch   75/300 | Loss: 0.00773 | LR: 8.82e-05 | Skipped: 0 | Time: 509.1s
Epoch   76/300 | Loss: 0.00764 | LR: 8.79e-05 | Skipped: 0 | Time: 509.2s
Epoch   77/300 | Loss: 0.00762 | LR: 8.75e-05 | Skipped: 0 | Time: 509.3s
Epoch   78/300 | Loss: 0.00747 | LR: 8.72e-05 | Skipped: 0 | Time: 509.4s
Epoch   79/300 | Loss: 0.00762 | LR: 8.68e-05 | Skipped: 0 | Time: 509.3s
Epoch   80/300 | Loss: 0.00734 | LR: 8.64e-05 | Skipped: 0 | Time: 509.4s
Epoch   81/300 | Loss: 0.00757 | LR: 8.61e-05 | Skipped: 0 | Time: 509.2s
Epoch   82/300 | Loss: 0.00743 | LR: 8.57e-05 | Skipped: 0 | Time: 509.3s
Epoch   83/300 | Loss: 0.00747 | LR: 8.53e-05 | Skipped: 0 | Time: 509.1s
Epoch   84/300 | Loss: 0.00735 | LR: 8.49e-05 | Skipped: 0 | Time: 509.2s
Epoch   85/300 | Loss: 0.00747 | LR: 8.45e-05 | Skipped: 0 | Time: 509.2s
Epoch   86/300 | Loss: 0.00744 | LR: 8.41e-05 | Skipped: 0 | Time: 509.2s
Epoch   87/300 | Loss: 0.00746 | LR: 8.38e-05 | Skipped: 0 | Time: 509.0s
Epoch   88/300 | Loss: 0.00740 | LR: 8.34e-05 | Skipped: 0 | Time: 509.2s
Epoch   89/300 | Loss: 0.00737 | LR: 8.30e-05 | Skipped: 0 | Time: 509.1s
Epoch   90/300 | Loss: 0.00747 | LR: 8.25e-05 | Skipped: 0 | Time: 509.1s
Epoch   91/300 | Loss: 0.00733 | LR: 8.21e-05 | Skipped: 0 | Time: 509.3s
Epoch   92/300 | Loss: 0.00731 | LR: 8.17e-05 | Skipped: 0 | Time: 509.1s
Epoch   93/300 | Loss: 0.00720 | LR: 8.13e-05 | Skipped: 0 | Time: 509.2s
Epoch   94/300 | Loss: 0.00745 | LR: 8.09e-05 | Skipped: 0 | Time: 509.2s
Epoch   95/300 | Loss: 0.00740 | LR: 8.05e-05 | Skipped: 0 | Time: 509.1s
Epoch   96/300 | Loss: 0.00729 | LR: 8.00e-05 | Skipped: 0 | Time: 509.1s
Epoch   97/300 | Loss: 0.00735 | LR: 7.96e-05 | Skipped: 0 | Time: 509.1s
Epoch   98/300 | Loss: 0.00731 | LR: 7.92e-05 | Skipped: 0 | Time: 509.1s
Epoch   99/300 | Loss: 0.00736 | LR: 7.87e-05 | Skipped: 0 | Time: 509.3s
wandb: WARNING Symlinked 1 file into the W&B run directory; call wandb.save again to sync new files.
Epoch  100/300 | Loss: 0.00723 | LR: 7.83e-05 | Skipped: 0 | Time: 509.3s
  Checkpoint saved: ./training_history/train_pvgis2005_2022_30sentinels_sun/irradiance_stage1_ep100.pth
Epoch  101/300 | Loss: 0.00728 | LR: 7.78e-05 | Skipped: 0 | Time: 509.1s
Epoch  102/300 | Loss: 0.00723 | LR: 7.74e-05 | Skipped: 0 | Time: 509.2s
Epoch  103/300 | Loss: 0.00736 | LR: 7.69e-05 | Skipped: 0 | Time: 509.1s
Epoch  104/300 | Loss: 0.00723 | LR: 7.65e-05 | Skipped: 0 | Time: 509.3s
Epoch  105/300 | Loss: 0.00706 | LR: 7.60e-05 | Skipped: 0 | Time: 509.2s
Epoch  106/300 | Loss: 0.00726 | LR: 7.56e-05 | Skipped: 0 | Time: 509.1s
Epoch  107/300 | Loss: 0.00717 | LR: 7.51e-05 | Skipped: 0 | Time: 509.2s
Epoch  108/300 | Loss: 0.00715 | LR: 7.46e-05 | Skipped: 0 | Time: 509.2s
Epoch  109/300 | Loss: 0.00719 | LR: 7.42e-05 | Skipped: 0 | Time: 509.2s
Epoch  110/300 | Loss: 0.00728 | LR: 7.37e-05 | Skipped: 0 | Time: 509.0s
Epoch  111/300 | Loss: 0.00725 | LR: 7.32e-05 | Skipped: 0 | Time: 509.0s
Epoch  112/300 | Loss: 0.00713 | LR: 7.27e-05 | Skipped: 0 | Time: 509.1s
Epoch  113/300 | Loss: 0.00716 | LR: 7.23e-05 | Skipped: 0 | Time: 509.2s
Epoch  114/300 | Loss: 0.00724 | LR: 7.18e-05 | Skipped: 0 | Time: 509.2s
Epoch  115/300 | Loss: 0.00712 | LR: 7.13e-05 | Skipped: 0 | Time: 509.3s
Epoch  116/300 | Loss: 0.00713 | LR: 7.08e-05 | Skipped: 0 | Time: 509.3s
Epoch  117/300 | Loss: 0.00711 | LR: 7.03e-05 | Skipped: 0 | Time: 509.2s
Epoch  118/300 | Loss: 0.00701 | LR: 6.98e-05 | Skipped: 0 | Time: 509.3s
Epoch  119/300 | Loss: 0.00717 | LR: 6.93e-05 | Skipped: 0 | Time: 509.1s
Epoch  120/300 | Loss: 0.00712 | LR: 6.88e-05 | Skipped: 0 | Time: 509.1s
Epoch  121/300 | Loss: 0.00709 | LR: 6.83e-05 | Skipped: 0 | Time: 509.1s
Epoch  122/300 | Loss: 0.00700 | LR: 6.78e-05 | Skipped: 0 | Time: 509.3s
Epoch  123/300 | Loss: 0.00712 | LR: 6.73e-05 | Skipped: 0 | Time: 509.1s
Epoch  124/300 | Loss: 0.00706 | LR: 6.68e-05 | Skipped: 0 | Time: 509.1s
Epoch  125/300 | Loss: 0.00706 | LR: 6.63e-05 | Skipped: 0 | Time: 509.3s
Epoch  126/300 | Loss: 0.00707 | LR: 6.58e-05 | Skipped: 0 | Time: 509.2s
Epoch  127/300 | Loss: 0.00702 | LR: 6.53e-05 | Skipped: 0 | Time: 509.1s
Epoch  128/300 | Loss: 0.00698 | LR: 6.48e-05 | Skipped: 0 | Time: 509.3s
Epoch  129/300 | Loss: 0.00699 | LR: 6.43e-05 | Skipped: 0 | Time: 509.2s
Epoch  130/300 | Loss: 0.00702 | LR: 6.37e-05 | Skipped: 0 | Time: 509.1s
Epoch  131/300 | Loss: 0.00693 | LR: 6.32e-05 | Skipped: 0 | Time: 509.3s
Epoch  132/300 | Loss: 0.00695 | LR: 6.27e-05 | Skipped: 0 | Time: 509.3s
Epoch  133/300 | Loss: 0.00698 | LR: 6.22e-05 | Skipped: 0 | Time: 509.0s
Epoch  134/300 | Loss: 0.00695 | LR: 6.17e-05 | Skipped: 0 | Time: 509.2s
Epoch  135/300 | Loss: 0.00697 | LR: 6.11e-05 | Skipped: 0 | Time: 509.0s
Epoch  136/300 | Loss: 0.00700 | LR: 6.06e-05 | Skipped: 0 | Time: 509.1s
Epoch  137/300 | Loss: 0.00697 | LR: 6.01e-05 | Skipped: 0 | Time: 509.2s
Epoch  138/300 | Loss: 0.00691 | LR: 5.96e-05 | Skipped: 0 | Time: 509.2s
Epoch  139/300 | Loss: 0.00689 | LR: 5.90e-05 | Skipped: 0 | Time: 509.3s
Epoch  140/300 | Loss: 0.00694 | LR: 5.85e-05 | Skipped: 0 | Time: 509.3s
Epoch  141/300 | Loss: 0.00697 | LR: 5.80e-05 | Skipped: 0 | Time: 509.2s
Epoch  142/300 | Loss: 0.00700 | LR: 5.74e-05 | Skipped: 0 | Time: 509.0s
Epoch  143/300 | Loss: 0.00698 | LR: 5.69e-05 | Skipped: 0 | Time: 509.2s
Epoch  144/300 | Loss: 0.00686 | LR: 5.64e-05 | Skipped: 0 | Time: 509.2s
Epoch  145/300 | Loss: 0.00699 | LR: 5.59e-05 | Skipped: 0 | Time: 509.2s
Epoch  146/300 | Loss: 0.00692 | LR: 5.53e-05 | Skipped: 0 | Time: 509.3s
Epoch  147/300 | Loss: 0.00700 | LR: 5.48e-05 | Skipped: 0 | Time: 509.1s
Epoch  148/300 | Loss: 0.00694 | LR: 5.43e-05 | Skipped: 0 | Time: 509.2s
Epoch  149/300 | Loss: 0.00704 | LR: 5.37e-05 | Skipped: 0 | Time: 509.1s
wandb: WARNING Symlinked 1 file into the W&B run directory; call wandb.save again to sync new files.
Epoch  150/300 | Loss: 0.00690 | LR: 5.32e-05 | Skipped: 0 | Time: 509.2s
  Checkpoint saved: ./training_history/train_pvgis2005_2022_30sentinels_sun/irradiance_stage1_ep150.pth
Epoch  151/300 | Loss: 0.00686 | LR: 5.26e-05 | Skipped: 0 | Time: 509.1s
Epoch  152/300 | Loss: 0.00683 | LR: 5.21e-05 | Skipped: 0 | Time: 509.3s
Epoch  153/300 | Loss: 0.00680 | LR: 5.16e-05 | Skipped: 0 | Time: 509.2s
Epoch  154/300 | Loss: 0.00686 | LR: 5.10e-05 | Skipped: 0 | Time: 509.2s
Epoch  155/300 | Loss: 0.00683 | LR: 5.05e-05 | Skipped: 0 | Time: 509.4s
Epoch  156/300 | Loss: 0.00685 | LR: 5.00e-05 | Skipped: 0 | Time: 509.1s
Epoch  157/300 | Loss: 0.00692 | LR: 4.94e-05 | Skipped: 0 | Time: 509.1s
Epoch  158/300 | Loss: 0.00675 | LR: 4.89e-05 | Skipped: 0 | Time: 509.5s
Epoch  159/300 | Loss: 0.00670 | LR: 4.84e-05 | Skipped: 0 | Time: 509.4s
Epoch  160/300 | Loss: 0.00672 | LR: 4.78e-05 | Skipped: 0 | Time: 509.2s
Epoch  161/300 | Loss: 0.00676 | LR: 4.73e-05 | Skipped: 0 | Time: 509.2s
Epoch  162/300 | Loss: 0.00691 | LR: 4.67e-05 | Skipped: 0 | Time: 509.4s
Epoch  163/300 | Loss: 0.00677 | LR: 4.62e-05 | Skipped: 0 | Time: 509.4s
Epoch  164/300 | Loss: 0.00686 | LR: 4.57e-05 | Skipped: 0 | Time: 509.5s
Epoch  165/300 | Loss: 0.00679 | LR: 4.51e-05 | Skipped: 0 | Time: 509.3s
Epoch  166/300 | Loss: 0.00667 | LR: 4.46e-05 | Skipped: 0 | Time: 509.4s
Epoch  167/300 | Loss: 0.00674 | LR: 4.41e-05 | Skipped: 0 | Time: 509.4s
Epoch  168/300 | Loss: 0.00680 | LR: 4.36e-05 | Skipped: 0 | Time: 509.2s
Epoch  169/300 | Loss: 0.00679 | LR: 4.30e-05 | Skipped: 0 | Time: 509.2s
Epoch  170/300 | Loss: 0.00666 | LR: 4.25e-05 | Skipped: 0 | Time: 509.4s
Epoch  171/300 | Loss: 0.00673 | LR: 4.20e-05 | Skipped: 0 | Time: 509.4s
Epoch  172/300 | Loss: 0.00683 | LR: 4.14e-05 | Skipped: 0 | Time: 509.1s
Epoch  173/300 | Loss: 0.00672 | LR: 4.09e-05 | Skipped: 0 | Time: 509.3s
Epoch  174/300 | Loss: 0.00685 | LR: 4.04e-05 | Skipped: 0 | Time: 509.1s
Epoch  175/300 | Loss: 0.00680 | LR: 3.99e-05 | Skipped: 0 | Time: 509.2s
Epoch  176/300 | Loss: 0.00675 | LR: 3.93e-05 | Skipped: 0 | Time: 509.3s
Epoch  177/300 | Loss: 0.00682 | LR: 3.88e-05 | Skipped: 0 | Time: 509.2s
Epoch  178/300 | Loss: 0.00666 | LR: 3.83e-05 | Skipped: 0 | Time: 509.3s
Epoch  179/300 | Loss: 0.00663 | LR: 3.78e-05 | Skipped: 0 | Time: 509.4s
Epoch  180/300 | Loss: 0.00670 | LR: 3.73e-05 | Skipped: 0 | Time: 509.2s
Epoch  181/300 | Loss: 0.00673 | LR: 3.67e-05 | Skipped: 0 | Time: 509.1s
Epoch  182/300 | Loss: 0.00677 | LR: 3.62e-05 | Skipped: 0 | Time: 509.3s
Epoch  183/300 | Loss: 0.00673 | LR: 3.57e-05 | Skipped: 0 | Time: 509.1s
Epoch  184/300 | Loss: 0.00662 | LR: 3.52e-05 | Skipped: 0 | Time: 509.2s
Epoch  185/300 | Loss: 0.00675 | LR: 3.47e-05 | Skipped: 0 | Time: 509.3s
Epoch  186/300 | Loss: 0.00659 | LR: 3.42e-05 | Skipped: 0 | Time: 509.4s
Epoch  187/300 | Loss: 0.00665 | LR: 3.37e-05 | Skipped: 0 | Time: 509.3s
Epoch  188/300 | Loss: 0.00661 | LR: 3.32e-05 | Skipped: 0 | Time: 509.4s
Epoch  189/300 | Loss: 0.00659 | LR: 3.27e-05 | Skipped: 0 | Time: 509.2s
Epoch  190/300 | Loss: 0.00661 | LR: 3.22e-05 | Skipped: 0 | Time: 509.3s
Epoch  191/300 | Loss: 0.00672 | LR: 3.17e-05 | Skipped: 0 | Time: 509.3s
Epoch  192/300 | Loss: 0.00666 | LR: 3.12e-05 | Skipped: 0 | Time: 509.2s
Epoch  193/300 | Loss: 0.00661 | LR: 3.07e-05 | Skipped: 0 | Time: 509.2s
Epoch  194/300 | Loss: 0.00666 | LR: 3.02e-05 | Skipped: 0 | Time: 509.3s
Epoch  195/300 | Loss: 0.00669 | LR: 2.97e-05 | Skipped: 0 | Time: 509.3s
Epoch  196/300 | Loss: 0.00663 | LR: 2.92e-05 | Skipped: 0 | Time: 509.2s
Epoch  197/300 | Loss: 0.00658 | LR: 2.87e-05 | Skipped: 0 | Time: 509.4s
Epoch  198/300 | Loss: 0.00658 | LR: 2.83e-05 | Skipped: 0 | Time: 509.3s
Epoch  199/300 | Loss: 0.00665 | LR: 2.78e-05 | Skipped: 0 | Time: 509.2s
wandb: WARNING Symlinked 1 file into the W&B run directory; call wandb.save again to sync new files.
Epoch  200/300 | Loss: 0.00665 | LR: 2.73e-05 | Skipped: 0 | Time: 509.3s
  Checkpoint saved: ./training_history/train_pvgis2005_2022_30sentinels_sun/irradiance_stage1_ep200.pth
Epoch  201/300 | Loss: 0.00670 | LR: 2.68e-05 | Skipped: 0 | Time: 509.2s
Epoch  202/300 | Loss: 0.00659 | LR: 2.64e-05 | Skipped: 0 | Time: 509.1s
Epoch  203/300 | Loss: 0.00655 | LR: 2.59e-05 | Skipped: 0 | Time: 509.3s
Epoch  204/300 | Loss: 0.00658 | LR: 2.54e-05 | Skipped: 0 | Time: 509.3s
Epoch  205/300 | Loss: 0.00662 | LR: 2.50e-05 | Skipped: 0 | Time: 509.2s
Epoch  206/300 | Loss: 0.00656 | LR: 2.45e-05 | Skipped: 0 | Time: 509.2s
Epoch  207/300 | Loss: 0.00669 | LR: 2.41e-05 | Skipped: 0 | Time: 509.2s
Epoch  208/300 | Loss: 0.00663 | LR: 2.36e-05 | Skipped: 0 | Time: 509.2s
Epoch  209/300 | Loss: 0.00664 | LR: 2.32e-05 | Skipped: 0 | Time: 509.3s
Epoch  210/300 | Loss: 0.00660 | LR: 2.27e-05 | Skipped: 0 | Time: 509.4s
Epoch  211/300 | Loss: 0.00653 | LR: 2.23e-05 | Skipped: 0 | Time: 509.3s
Epoch  212/300 | Loss: 0.00656 | LR: 2.18e-05 | Skipped: 0 | Time: 509.3s
Epoch  213/300 | Loss: 0.00658 | LR: 2.14e-05 | Skipped: 0 | Time: 509.4s
Epoch  214/300 | Loss: 0.00668 | LR: 2.10e-05 | Skipped: 0 | Time: 509.1s
Epoch  215/300 | Loss: 0.00664 | LR: 2.05e-05 | Skipped: 0 | Time: 509.1s
Epoch  216/300 | Loss: 0.00654 | LR: 2.01e-05 | Skipped: 0 | Time: 509.3s
Epoch  217/300 | Loss: 0.00657 | LR: 1.97e-05 | Skipped: 0 | Time: 509.2s
Epoch  218/300 | Loss: 0.00657 | LR: 1.93e-05 | Skipped: 0 | Time: 509.3s
Epoch  219/300 | Loss: 0.00656 | LR: 1.89e-05 | Skipped: 0 | Time: 509.2s
Epoch  220/300 | Loss: 0.00665 | LR: 1.85e-05 | Skipped: 0 | Time: 509.2s
Epoch  221/300 | Loss: 0.00653 | LR: 1.80e-05 | Skipped: 0 | Time: 509.1s
Epoch  222/300 | Loss: 0.00649 | LR: 1.76e-05 | Skipped: 0 | Time: 509.4s
Epoch  223/300 | Loss: 0.00640 | LR: 1.72e-05 | Skipped: 0 | Time: 509.3s
Epoch  224/300 | Loss: 0.00661 | LR: 1.69e-05 | Skipped: 0 | Time: 509.1s
Epoch  225/300 | Loss: 0.00655 | LR: 1.65e-05 | Skipped: 0 | Time: 509.2s
Epoch  226/300 | Loss: 0.00655 | LR: 1.61e-05 | Skipped: 0 | Time: 509.2s
Epoch  227/300 | Loss: 0.00650 | LR: 1.57e-05 | Skipped: 0 | Time: 509.1s
Epoch  228/300 | Loss: 0.00655 | LR: 1.53e-05 | Skipped: 0 | Time: 509.3s
Epoch  229/300 | Loss: 0.00659 | LR: 1.49e-05 | Skipped: 0 | Time: 509.1s
Epoch  230/300 | Loss: 0.00646 | LR: 1.46e-05 | Skipped: 0 | Time: 509.2s
Epoch  231/300 | Loss: 0.00660 | LR: 1.42e-05 | Skipped: 0 | Time: 509.3s
Epoch  232/300 | Loss: 0.00648 | LR: 1.38e-05 | Skipped: 0 | Time: 509.2s
Epoch  233/300 | Loss: 0.00655 | LR: 1.35e-05 | Skipped: 0 | Time: 509.2s
Epoch  234/300 | Loss: 0.00648 | LR: 1.31e-05 | Skipped: 0 | Time: 509.3s
Epoch  235/300 | Loss: 0.00654 | LR: 1.28e-05 | Skipped: 0 | Time: 509.1s
Epoch  236/300 | Loss: 0.00660 | LR: 1.24e-05 | Skipped: 0 | Time: 509.1s
Epoch  237/300 | Loss: 0.00647 | LR: 1.21e-05 | Skipped: 0 | Time: 509.3s
Epoch  238/300 | Loss: 0.00648 | LR: 1.18e-05 | Skipped: 0 | Time: 509.2s
Epoch  239/300 | Loss: 0.00648 | LR: 1.14e-05 | Skipped: 0 | Time: 509.2s
Epoch  240/300 | Loss: 0.00653 | LR: 1.11e-05 | Skipped: 0 | Time: 509.2s
Epoch  241/300 | Loss: 0.00655 | LR: 1.08e-05 | Skipped: 0 | Time: 509.1s
Epoch  242/300 | Loss: 0.00642 | LR: 1.05e-05 | Skipped: 0 | Time: 509.1s
Epoch  243/300 | Loss: 0.00647 | LR: 1.01e-05 | Skipped: 0 | Time: 509.3s
Epoch  244/300 | Loss: 0.00639 | LR: 9.83e-06 | Skipped: 0 | Time: 509.1s
Epoch  245/300 | Loss: 0.00645 | LR: 9.53e-06 | Skipped: 0 | Time: 509.0s
Epoch  246/300 | Loss: 0.00651 | LR: 9.23e-06 | Skipped: 0 | Time: 509.2s
Epoch  247/300 | Loss: 0.00642 | LR: 8.94e-06 | Skipped: 0 | Time: 509.1s
Epoch  248/300 | Loss: 0.00652 | LR: 8.65e-06 | Skipped: 0 | Time: 509.1s
Epoch  249/300 | Loss: 0.00646 | LR: 8.36e-06 | Skipped: 0 | Time: 509.3s
wandb: WARNING Symlinked 1 file into the W&B run directory; call wandb.save again to sync new files.
Epoch  250/300 | Loss: 0.00646 | LR: 8.09e-06 | Skipped: 0 | Time: 509.2s
  Checkpoint saved: ./training_history/train_pvgis2005_2022_30sentinels_sun/irradiance_stage1_ep250.pth
Epoch  251/300 | Loss: 0.00641 | LR: 7.81e-06 | Skipped: 0 | Time: 509.3s
Epoch  252/300 | Loss: 0.00648 | LR: 7.54e-06 | Skipped: 0 | Time: 509.2s
Epoch  253/300 | Loss: 0.00639 | LR: 7.28e-06 | Skipped: 0 | Time: 509.1s
Epoch  254/300 | Loss: 0.00642 | LR: 7.02e-06 | Skipped: 0 | Time: 509.0s
Epoch  255/300 | Loss: 0.00640 | LR: 6.77e-06 | Skipped: 0 | Time: 509.2s
Epoch  256/300 | Loss: 0.00646 | LR: 6.52e-06 | Skipped: 0 | Time: 509.1s
Epoch  257/300 | Loss: 0.00647 | LR: 6.27e-06 | Skipped: 0 | Time: 509.0s
Epoch  258/300 | Loss: 0.00637 | LR: 6.04e-06 | Skipped: 0 | Time: 509.3s
Epoch  259/300 | Loss: 0.00647 | LR: 5.80e-06 | Skipped: 0 | Time: 509.1s
Epoch  260/300 | Loss: 0.00643 | LR: 5.58e-06 | Skipped: 0 | Time: 509.2s
Epoch  261/300 | Loss: 0.00648 | LR: 5.35e-06 | Skipped: 0 | Time: 509.2s
Epoch  262/300 | Loss: 0.00646 | LR: 5.14e-06 | Skipped: 0 | Time: 509.2s
Epoch  263/300 | Loss: 0.00646 | LR: 4.92e-06 | Skipped: 0 | Time: 509.1s
Epoch  264/300 | Loss: 0.00647 | LR: 4.72e-06 | Skipped: 0 | Time: 509.2s
Epoch  265/300 | Loss: 0.00653 | LR: 4.52e-06 | Skipped: 0 | Time: 509.0s
Epoch  266/300 | Loss: 0.00646 | LR: 4.32e-06 | Skipped: 0 | Time: 509.0s
Epoch  267/300 | Loss: 0.00650 | LR: 4.13e-06 | Skipped: 0 | Time: 509.1s
Epoch  268/300 | Loss: 0.00643 | LR: 3.94e-06 | Skipped: 0 | Time: 508.9s
Epoch  269/300 | Loss: 0.00652 | LR: 3.77e-06 | Skipped: 0 | Time: 509.0s
Epoch  270/300 | Loss: 0.00637 | LR: 3.59e-06 | Skipped: 0 | Time: 509.2s
Epoch  271/300 | Loss: 0.00644 | LR: 3.42e-06 | Skipped: 0 | Time: 509.0s
Epoch  272/300 | Loss: 0.00637 | LR: 3.26e-06 | Skipped: 0 | Time: 509.0s
Epoch  273/300 | Loss: 0.00649 | LR: 3.10e-06 | Skipped: 0 | Time: 509.1s
Epoch  274/300 | Loss: 0.00647 | LR: 2.95e-06 | Skipped: 0 | Time: 509.1s
Epoch  275/300 | Loss: 0.00629 | LR: 2.80e-06 | Skipped: 0 | Time: 509.2s
Epoch  276/300 | Loss: 0.00640 | LR: 2.66e-06 | Skipped: 0 | Time: 509.1s
Epoch  277/300 | Loss: 0.00642 | LR: 2.53e-06 | Skipped: 0 | Time: 508.9s
Epoch  278/300 | Loss: 0.00635 | LR: 2.40e-06 | Skipped: 0 | Time: 509.1s
Epoch  279/300 | Loss: 0.00651 | LR: 2.28e-06 | Skipped: 0 | Time: 509.1s
Epoch  280/300 | Loss: 0.00644 | LR: 2.16e-06 | Skipped: 0 | Time: 509.1s
Epoch  281/300 | Loss: 0.00643 | LR: 2.04e-06 | Skipped: 0 | Time: 509.0s
Epoch  282/300 | Loss: 0.00639 | LR: 1.94e-06 | Skipped: 0 | Time: 509.1s
Epoch  283/300 | Loss: 0.00632 | LR: 1.84e-06 | Skipped: 0 | Time: 509.0s
Epoch  284/300 | Loss: 0.00635 | LR: 1.74e-06 | Skipped: 0 | Time: 509.0s
Epoch  285/300 | Loss: 0.00622 | LR: 1.65e-06 | Skipped: 0 | Time: 509.2s
Epoch  286/300 | Loss: 0.00625 | LR: 1.57e-06 | Skipped: 0 | Time: 509.1s
Epoch  287/300 | Loss: 0.00637 | LR: 1.49e-06 | Skipped: 0 | Time: 509.1s
Epoch  288/300 | Loss: 0.00636 | LR: 1.42e-06 | Skipped: 0 | Time: 509.1s
Epoch  289/300 | Loss: 0.00645 | LR: 1.35e-06 | Skipped: 0 | Time: 509.0s
Epoch  290/300 | Loss: 0.00642 | LR: 1.29e-06 | Skipped: 0 | Time: 509.1s
Epoch  291/300 | Loss: 0.00630 | LR: 1.24e-06 | Skipped: 0 | Time: 509.2s
Epoch  292/300 | Loss: 0.00643 | LR: 1.19e-06 | Skipped: 0 | Time: 509.1s
Epoch  293/300 | Loss: 0.00641 | LR: 1.14e-06 | Skipped: 0 | Time: 508.9s
Epoch  294/300 | Loss: 0.00636 | LR: 1.10e-06 | Skipped: 0 | Time: 509.2s
Epoch  295/300 | Loss: 0.00636 | LR: 1.07e-06 | Skipped: 0 | Time: 509.1s
Epoch  296/300 | Loss: 0.00646 | LR: 1.05e-06 | Skipped: 0 | Time: 509.1s
Epoch  297/300 | Loss: 0.00635 | LR: 1.03e-06 | Skipped: 0 | Time: 509.2s
Epoch  298/300 | Loss: 0.00640 | LR: 1.01e-06 | Skipped: 0 | Time: 508.9s
Epoch  299/300 | Loss: 0.00648 | LR: 1.00e-06 | Skipped: 0 | Time: 508.9s
wandb: WARNING Symlinked 1 file into the W&B run directory; call wandb.save again to sync new files.
wandb: WARNING Symlinked 1 file into the W&B run directory; call wandb.save again to sync new files.
wandb: updating run metadata
wandb: uploading config.yaml; uploading training_history/train_pvgis2005_2022_30sentinels_sun/irradiance_stage1_ep300.pth; uploading training_history/train_pvgis2005_2022_30sentinels_sun/irradiance_stage1_final.pth; uploading output.log; uploading wandb-summary.json
wandb: uploading training_history/train_pvgis2005_2022_30sentinels_sun/irradiance_stage1_ep300.pth; uploading training_history/train_pvgis2005_2022_30sentinels_sun/irradiance_stage1_final.pth; uploading wandb-summary.json
wandb: uploading training_history/train_pvgis2005_2022_30sentinels_sun/irradiance_stage1_ep300.pth; uploading training_history/train_pvgis2005_2022_30sentinels_sun/irradiance_stage1_final.pth
wandb: uploading training_history/train_pvgis2005_2022_30sentinels_sun/irradiance_stage1_ep300.pth
wandb: uploading history steps 369892-369899, summary, console lines 310-315
wandb: 
wandb: Run history:
wandb:                 epoch ▁▁▁▁▁▂▂▂▂▂▂▃▃▃▃▃▃▃▄▄▅▅▅▅▅▅▅▆▆▆▇▇▇▇▇█████
wandb:      train/epoch_loss █▇▇▄▃▃▂▂▂▂▂▂▂▂▂▁▂▁▁▁▁▁▁▁▁▁▁▁▁▁▁▁▁▁▁▁▁▁▁▁
wandb:    train/epoch_time_s ██▇▄▄▃▂▃▃▂▂▂▂▂▂▁▂▃▁▂▁▄▂▁▃▂▃▂▂▁▁▂▁▃▁▂▁▁▂▁
wandb:       train/grad_norm █▁▁▁▁▁▁▁▂▁▁▁▁▁▁▁▁▁▁▁▁▁▁▁▁▁▁▁▁▁▁▁▁▁▁▁▁▁▁▁
wandb:   train/learning_rate ███████▇▇▇▇▇▆▆▆▆▅▅▅▅▄▄▄▄▃▃▂▂▂▂▁▁▁▁▁▁▁▁▁▁
wandb: train/skipped_batches ▁▁▁▁▁▁▁▁▁▁▁▁▁▁▁▁▁▁▁▁▁▁▁▁▁▁▁▁▁▁▁▁▁▁▁▁▁▁▁▁
wandb:       train/step_loss █▁▁▁▁▁▁▁▁▁▁▁▁▁▁▁▁▁▁▁▁▁▁▁▁▁▁▁▁▁▁▁▁▁▁▁▁▁▁▁
wandb: 
wandb: Run summary:
wandb:                 epoch 300
wandb:      final_train_loss 0.00638
wandb:          total_epochs 300
wandb:           total_steps 369900
wandb:      train/epoch_loss 0.00638
wandb:    train/epoch_time_s 509.22459
wandb:       train/grad_norm 0.05255
wandb:   train/learning_rate 0.0
wandb: train/skipped_batches 0
wandb:       train/step_loss 0.00388
wandb: 
wandb: 🚀 View run train_pvgis2005_2022_30sentinels_sun-stage1 at: https://wandb.ai/stivengjinaj-politecnico-di-torino/physense-irradiance/runs/3s4i7xyp
wandb: ⭐️ View project at: https://wandb.ai/stivengjinaj-politecnico-di-torino/physense-irradiance
wandb: Synced 5 W&B file(s), 0 media file(s), 0 artifact file(s) and 7 other file(s)
wandb: Find logs at: ./wandb/run-20260417_134253-3s4i7xyp/logs
Epoch  300/300 | Loss: 0.00638 | LR: 1.00e-06 | Skipped: 0 | Time: 509.2s
  Checkpoint saved: ./training_history/train_pvgis2005_2022_30sentinels_sun/irradiance_stage1_ep300.pth

Done. Final checkpoint: ./training_history/train_pvgis2005_2022_30sentinels_sun/irradiance_stage1_final.pth
